2025-03-27 12:22:31 INFO  StartCalculations:262 - DamageProfiler v0.4.9
2025-03-27 12:22:31 INFO  StartCalculations:274 - Analysis of file (-i):ERR1014019_rmdup.bam
Output folder (-o):/home/alumno19/resultados_eager/resultados_eager_eck/work/13/5d789c7e12bc56b8a51d7abdc875b5/./ERR1014019_rmdup
Reference (-r, optional) :h19.fasta
Specie (-s, optional):null
Species list (-sf, optional):null
Length (-l): 100
Threshold (-t): 15
Height yaxis (-yaxis): 0.3
x-axis min ID histogram (-xaxis_histo_min): -1.0
x-axis max ID histogram (-xaxis_histo_max): -1.0
x-axis min length histogram (-xaxis_histo_length_min): -1.0
x-axis max length histogram (-xaxis_histo_length_max): -1.0

2025-03-27 12:22:31 INFO  StartCalculations:115 - 100 Reads processed.
2025-03-27 12:22:31 INFO  StartCalculations:115 - 200 Reads processed.
2025-03-27 12:22:31 INFO  StartCalculations:115 - 300 Reads processed.
2025-03-27 12:22:31 INFO  StartCalculations:115 - 400 Reads processed.
2025-03-27 12:22:31 INFO  StartCalculations:115 - 500 Reads processed.
2025-03-27 12:22:31 INFO  StartCalculations:115 - 600 Reads processed.
2025-03-27 12:22:31 INFO  StartCalculations:115 - 700 Reads processed.
2025-03-27 12:22:31 INFO  StartCalculations:115 - 800 Reads processed.
2025-03-27 12:22:31 INFO  StartCalculations:115 - 900 Reads processed.
2025-03-27 12:22:31 INFO  StartCalculations:115 - 1000 Reads processed.
2025-03-27 12:22:31 INFO  StartCalculations:115 - 1100 Reads processed.
2025-03-27 12:22:31 INFO  StartCalculations:115 - 1200 Reads processed.
2025-03-27 12:22:31 INFO  StartCalculations:115 - 1300 Reads processed.
2025-03-27 12:22:31 INFO  StartCalculations:115 - 1400 Reads processed.
2025-03-27 12:22:31 INFO  StartCalculations:115 - 1500 Reads processed.
2025-03-27 12:22:31 INFO  StartCalculations:115 - 1600 Reads processed.
2025-03-27 12:22:31 INFO  StartCalculations:115 - 1700 Reads processed.
2025-03-27 12:22:31 INFO  StartCalculations:115 - 1800 Reads processed.
2025-03-27 12:22:31 INFO  StartCalculations:115 - 1900 Reads processed.
2025-03-27 12:22:31 INFO  StartCalculations:115 - 2000 Reads processed.
2025-03-27 12:22:31 INFO  StartCalculations:115 - 2100 Reads processed.
2025-03-27 12:22:31 INFO  StartCalculations:115 - 2200 Reads processed.
2025-03-27 12:22:31 INFO  StartCalculations:115 - 2300 Reads processed.
2025-03-27 12:22:31 INFO  StartCalculations:115 - 2400 Reads processed.
2025-03-27 12:22:31 INFO  StartCalculations:115 - 2500 Reads processed.
2025-03-27 12:22:31 INFO  StartCalculations:115 - 2600 Reads processed.
2025-03-27 12:22:31 INFO  StartCalculations:115 - 2700 Reads processed.
2025-03-27 12:22:31 INFO  StartCalculations:115 - 2800 Reads processed.
2025-03-27 12:22:31 INFO  StartCalculations:115 - 2900 Reads processed.
2025-03-27 12:22:31 INFO  StartCalculations:115 - 3000 Reads processed.
2025-03-27 12:22:31 INFO  StartCalculations:115 - 3100 Reads processed.
2025-03-27 12:22:31 INFO  StartCalculations:115 - 3200 Reads processed.
2025-03-27 12:22:31 INFO  StartCalculations:115 - 3300 Reads processed.
2025-03-27 12:22:31 INFO  StartCalculations:115 - 3400 Reads processed.
2025-03-27 12:22:31 INFO  StartCalculations:115 - 3500 Reads processed.
2025-03-27 12:22:31 INFO  StartCalculations:115 - 3600 Reads processed.
2025-03-27 12:22:31 INFO  StartCalculations:115 - 3700 Reads processed.
2025-03-27 12:22:31 INFO  StartCalculations:115 - 3800 Reads processed.
2025-03-27 12:22:31 INFO  StartCalculations:115 - 3900 Reads processed.
2025-03-27 12:22:31 INFO  StartCalculations:115 - 4000 Reads processed.
2025-03-27 12:22:31 INFO  StartCalculations:115 - 4100 Reads processed.
2025-03-27 12:22:31 INFO  StartCalculations:115 - 4200 Reads processed.
2025-03-27 12:22:31 INFO  StartCalculations:115 - 4300 Reads processed.
2025-03-27 12:22:31 INFO  StartCalculations:115 - 4400 Reads processed.
2025-03-27 12:22:31 INFO  StartCalculations:115 - 4500 Reads processed.
2025-03-27 12:22:31 INFO  StartCalculations:115 - 4600 Reads processed.
2025-03-27 12:22:31 INFO  StartCalculations:115 - 4700 Reads processed.
2025-03-27 12:22:31 INFO  StartCalculations:115 - 4800 Reads processed.
2025-03-27 12:22:31 INFO  StartCalculations:115 - 4900 Reads processed.
2025-03-27 12:22:31 INFO  StartCalculations:115 - 5000 Reads processed.
2025-03-27 12:22:31 INFO  StartCalculations:115 - 5100 Reads processed.
2025-03-27 12:22:31 INFO  StartCalculations:115 - 5200 Reads processed.
2025-03-27 12:22:31 INFO  StartCalculations:115 - 5300 Reads processed.
2025-03-27 12:22:31 INFO  StartCalculations:115 - 5400 Reads processed.
2025-03-27 12:22:31 INFO  StartCalculations:115 - 5500 Reads processed.
2025-03-27 12:22:31 INFO  StartCalculations:115 - 5600 Reads processed.
2025-03-27 12:22:31 INFO  StartCalculations:115 - 5700 Reads processed.
2025-03-27 12:22:31 INFO  StartCalculations:115 - 5800 Reads processed.
2025-03-27 12:22:31 INFO  StartCalculations:115 - 5900 Reads processed.
2025-03-27 12:22:31 INFO  StartCalculations:115 - 6000 Reads processed.
2025-03-27 12:22:31 INFO  StartCalculations:115 - 6100 Reads processed.
2025-03-27 12:22:31 INFO  StartCalculations:115 - 6200 Reads processed.
2025-03-27 12:22:31 INFO  StartCalculations:115 - 6300 Reads processed.
2025-03-27 12:22:31 INFO  StartCalculations:115 - 6400 Reads processed.
2025-03-27 12:22:31 INFO  StartCalculations:115 - 6500 Reads processed.
2025-03-27 12:22:31 INFO  StartCalculations:115 - 6600 Reads processed.
2025-03-27 12:22:31 INFO  StartCalculations:115 - 6700 Reads processed.
2025-03-27 12:22:31 INFO  StartCalculations:115 - 6800 Reads processed.
2025-03-27 12:22:31 INFO  StartCalculations:115 - 6900 Reads processed.
2025-03-27 12:22:31 INFO  StartCalculations:115 - 7000 Reads processed.
2025-03-27 12:22:31 INFO  StartCalculations:115 - 7100 Reads processed.
2025-03-27 12:22:31 INFO  StartCalculations:115 - 7200 Reads processed.
2025-03-27 12:22:31 INFO  StartCalculations:115 - 7300 Reads processed.
2025-03-27 12:22:31 INFO  StartCalculations:115 - 7400 Reads processed.
2025-03-27 12:22:31 INFO  StartCalculations:115 - 7500 Reads processed.
2025-03-27 12:22:31 INFO  StartCalculations:115 - 7600 Reads processed.
2025-03-27 12:22:31 INFO  StartCalculations:115 - 7700 Reads processed.
2025-03-27 12:22:31 INFO  StartCalculations:115 - 7800 Reads processed.
2025-03-27 12:22:31 INFO  StartCalculations:115 - 7900 Reads processed.
2025-03-27 12:22:31 INFO  StartCalculations:115 - 8000 Reads processed.
2025-03-27 12:22:31 INFO  StartCalculations:115 - 8100 Reads processed.
2025-03-27 12:22:31 INFO  StartCalculations:115 - 8200 Reads processed.
2025-03-27 12:22:31 INFO  StartCalculations:115 - 8300 Reads processed.
2025-03-27 12:22:31 INFO  StartCalculations:115 - 8400 Reads processed.
2025-03-27 12:22:31 INFO  StartCalculations:115 - 8500 Reads processed.
2025-03-27 12:22:31 INFO  StartCalculations:115 - 8600 Reads processed.
2025-03-27 12:22:31 INFO  StartCalculations:115 - 8700 Reads processed.
2025-03-27 12:22:31 INFO  StartCalculations:115 - 8800 Reads processed.
2025-03-27 12:22:31 INFO  StartCalculations:115 - 8900 Reads processed.
2025-03-27 12:22:31 INFO  StartCalculations:115 - 9000 Reads processed.
2025-03-27 12:22:31 INFO  StartCalculations:115 - 9100 Reads processed.
2025-03-27 12:22:31 INFO  StartCalculations:115 - 9200 Reads processed.
2025-03-27 12:22:31 INFO  StartCalculations:115 - 9300 Reads processed.
2025-03-27 12:22:31 INFO  StartCalculations:115 - 9400 Reads processed.
2025-03-27 12:22:31 INFO  StartCalculations:115 - 9500 Reads processed.
2025-03-27 12:22:31 INFO  StartCalculations:115 - 9600 Reads processed.
2025-03-27 12:22:31 INFO  StartCalculations:115 - 9700 Reads processed.
2025-03-27 12:22:31 INFO  StartCalculations:115 - 9800 Reads processed.
2025-03-27 12:22:31 INFO  StartCalculations:115 - 9900 Reads processed.
2025-03-27 12:22:31 INFO  StartCalculations:115 - 10000 Reads processed.
2025-03-27 12:22:31 INFO  StartCalculations:115 - 10100 Reads processed.
2025-03-27 12:22:31 INFO  StartCalculations:115 - 10200 Reads processed.
2025-03-27 12:22:31 INFO  StartCalculations:115 - 10300 Reads processed.
2025-03-27 12:22:31 INFO  StartCalculations:115 - 10400 Reads processed.
2025-03-27 12:22:31 INFO  StartCalculations:115 - 10500 Reads processed.
2025-03-27 12:22:31 INFO  StartCalculations:115 - 10600 Reads processed.
2025-03-27 12:22:31 INFO  StartCalculations:115 - 10700 Reads processed.
2025-03-27 12:22:31 INFO  StartCalculations:115 - 10800 Reads processed.
2025-03-27 12:22:31 INFO  StartCalculations:115 - 10900 Reads processed.
2025-03-27 12:22:31 INFO  StartCalculations:115 - 11000 Reads processed.
2025-03-27 12:22:31 INFO  StartCalculations:115 - 11100 Reads processed.
2025-03-27 12:22:31 INFO  StartCalculations:115 - 11200 Reads processed.
2025-03-27 12:22:31 INFO  StartCalculations:115 - 11300 Reads processed.
2025-03-27 12:22:31 INFO  StartCalculations:952 - Values normalized ....
2025-03-27 12:22:31 INFO  StartCalculations:133 - -------------------
2025-03-27 12:22:31 INFO  StartCalculations:134 - # reads used for damage calculation: 11386
2025-03-27 12:22:32 INFO  StartCalculations:376 - Output files generated
2025-03-27 12:22:32 INFO  StartCalculations:316 - Runtime of Module was: 1 seconds.
